2025-06-10 19:57:43,096 - backend.core.config - INFO - Starting Excel Chatbot API
2025-06-10 19:57:43,096 - backend.core.config - INFO - Upload folder ready: uploads
2025-06-11 23:53:44,546 - backend.core.config - INFO - Starting Excel Chatbot API
2025-06-11 23:53:44,548 - backend.core.config - INFO - Upload folder ready: uploads
2025-06-11 23:54:03,406 - backend.conversation - INFO - Created new conversation: a8f2ac3b-b9b4-45bb-9d2d-9fe6a339528b
2025-06-11 23:54:03,407 - backend.managers - INFO - Created conversation: a8f2ac3b-b9b4-45bb-9d2d-9fe6a339528b. Total conversations: 1
2025-06-11 23:54:03,408 - backend.core.config - INFO - Created conversation: a8f2ac3b-b9b4-45bb-9d2d-9fe6a339528b
2025-06-11 23:54:55,767 - backend.core.config - INFO - Shutting down Excel Chatbot API
2025-06-11 23:55:01,103 - backend.core.config - INFO - Starting Excel Chatbot API
2025-06-11 23:55:01,103 - backend.core.config - INFO - Upload folder ready: uploads
2025-06-11 23:55:02,574 - backend.conversation - INFO - Created new conversation: ac85384d-55bb-4bfd-928d-46877578228a
2025-06-11 23:55:02,574 - backend.managers - INFO - Created conversation: ac85384d-55bb-4bfd-928d-46877578228a. Total conversations: 1
2025-06-11 23:55:02,575 - backend.core.config - INFO - Created conversation: ac85384d-55bb-4bfd-928d-46877578228a
2025-06-11 23:55:19,924 - backend.middleware - INFO - File validation passed: small.xlsx
2025-06-11 23:55:19,924 - backend.middleware - INFO - Filename sanitized: small.xlsx -> small_bde36c0f.xlsx
2025-06-11 23:55:19,926 - backend.conversation - INFO - Processing file uploads\small_bde36c0f.xlsx for conversation ac85384d-55bb-4bfd-928d-46877578228a
2025-06-11 23:55:19,930 - backend.conversation - ERROR - Failed to process file uploads\small_bde36c0f.xlsx for conversation ac85384d-55bb-4bfd-928d-46877578228a: 1 validation error for ChatGoogleGenerativeAI
__root__
  Did not find google_api_key, please add an environment variable `GOOGLE_API_KEY` which contains it, or pass `google_api_key` as a named parameter. (type=value_error)
2025-06-11 23:55:19,931 - backend.core.config - ERROR - Failed to process file small.xlsx: Failed to process file: 1 validation error for ChatGoogleGenerativeAI
__root__
  Did not find google_api_key, please add an environment variable `GOOGLE_API_KEY` which contains it, or pass `google_api_key` as a named parameter. (type=value_error)
2025-06-11 23:57:15,791 - backend.core.config - INFO - Shutting down Excel Chatbot API
2025-06-11 23:57:21,498 - backend.core.config - INFO - Starting Excel Chatbot API
2025-06-11 23:57:21,498 - backend.core.config - INFO - Upload folder ready: uploads
2025-06-11 23:57:22,703 - backend.core.config - INFO - Shutting down Excel Chatbot API
2025-06-11 23:57:28,241 - backend.core.config - INFO - Starting Excel Chatbot API
2025-06-11 23:57:28,241 - backend.core.config - INFO - Upload folder ready: uploads
2025-06-11 23:57:42,087 - backend.core.config - INFO - Shutting down Excel Chatbot API
2025-06-11 23:57:47,656 - backend.core.config - INFO - Starting Excel Chatbot API
2025-06-11 23:57:47,657 - backend.core.config - INFO - Upload folder ready: uploads
2025-06-11 23:57:52,586 - backend.core.config - INFO - Shutting down Excel Chatbot API
2025-06-11 23:58:01,532 - backend.core.config - INFO - Starting Excel Chatbot API
2025-06-11 23:58:01,533 - backend.core.config - INFO - Upload folder ready: uploads
2025-06-12 00:08:53,092 - backend.core.config - INFO - Shutting down Excel Chatbot API
2025-06-12 00:08:57,925 - backend.core.config - INFO - Starting Excel Chatbot API
2025-06-12 00:08:57,927 - backend.core.config - INFO - Upload folder ready: uploads
2025-06-12 00:09:02,399 - backend.core.config - INFO - Starting Excel Chatbot API
2025-06-12 00:09:02,400 - backend.core.config - INFO - Upload folder ready: uploads
